<?xml version="1.0" encoding="UTF-8"?>
<testng-results skipped="0" failed="0" ignored="0" total="1" passed="1">
  <reporter-output>
  </reporter-output>
  <suite name="Default suite" duration-ms="36" started-at="2024-09-26T07:53:27Z" finished-at="2024-09-26T07:53:27Z">
    <groups>
    </groups>
    <test name="Default test" duration-ms="36" started-at="2024-09-26T07:53:27Z" finished-at="2024-09-26T07:53:27Z">
      <class name="IODemo.FileDemo">
        <test-method status="PASS" signature="funA()[pri:0, instance:IODemo.FileDemo@5419f379]" name="funA" duration-ms="14" started-at="2024-09-26T07:53:27Z" finished-at="2024-09-26T07:53:27Z">
          <reporter-output>
          </reporter-output>
        </test-method> <!-- funA -->
      </class> <!-- IODemo.FileDemo -->
    </test> <!-- Default test -->
  </suite> <!-- Default suite -->
</testng-results>
